<?xml version="1.0" encoding="UTF-8"?>
<!-- Generated by org.testng.reporters.JUnitReportReporter -->
<testsuite hostname="Admin" failures="0" tests="3" name="apr3.Testng" time="1.688" errors="0" timestamp="2024-04-09T13:42:48 IST" skipped="0">
  <testcase classname="apr3.Testng" name="ibanking" time="0.493"/>
  <system-out>
    <![CDATA[Executing ibanking Test]]>
  </system-out>
  <testcase classname="apr3.Testng" name="cbanking" time="0.406"/>
  <system-out>
    <![CDATA[Executing cbanking Test]]>
  </system-out>
  <testcase classname="apr3.Testng" name="pbanking" time="0.789"/>
  <system-out>
    <![CDATA[Executing pbanking Test]]>
  </system-out>
</testsuite> <!-- apr3.Testng -->
