<?xml version="1.0" encoding="UTF-8"?>
<!-- Generated by org.testng.reporters.JUnitReportReporter -->
<testsuite hostname="Admin" failures="0" tests="3" name="apr2.FirstClass" time="0.021" errors="0" timestamp="2024-04-03T17:12:06 IST" skipped="0">
  <testcase classname="apr2.FirstClass" name="reply" time="0.004"/>
  <system-out>
    <![CDATA[Executing reply test]]>
  </system-out>
  <testcase classname="apr2.FirstClass" name="compose" time="0.013"/>
  <system-out>
    <![CDATA[Executing compose test]]>
  </system-out>
  <testcase classname="apr2.FirstClass" name="login" time="0.004"/>
  <system-out>
    <![CDATA[Executing login test]]>
  </system-out>
</testsuite> <!-- apr2.FirstClass -->
