<?xml version="1.0" encoding="UTF-8"?>
<!-- Generated by org.testng.reporters.JUnitReportReporter -->
<testsuite hostname="Admin" failures="0" tests="7" name="apr3.SecondTestNGClass" time="129.827" errors="0" timestamp="2024-04-09T13:42:48 IST" skipped="1">
  <testcase classname="apr3.SecondTestNGClass" name="leave" time="23.321"/>
  <system-out>
    <![CDATA[Executing leave test]]>
  </system-out>
  <testcase classname="apr3.SecondTestNGClass" name="admin" time="25.266"/>
  <system-out>
    <![CDATA[Executing admin test]]>
  </system-out>
  <testcase classname="apr3.SecondTestNGClass" name="admin" time="25.821"/>
  <system-out>
    <![CDATA[Executing admin test]]>
  </system-out>
  <testcase classname="apr3.SecondTestNGClass" name="admin" time="16.216"/>
  <system-out>
    <![CDATA[Executing admin test]]>
  </system-out>
  <testcase classname="apr3.SecondTestNGClass" name="admin" time="17.922"/>
  <system-out>
    <![CDATA[Executing admin test]]>
  </system-out>
  <testcase classname="apr3.SecondTestNGClass" name="admin" time="21.281"/>
  <system-out>
    <![CDATA[Executing admin test]]>
  </system-out>
  <testcase classname="apr3.SecondTestNGClass" name="pim">
    <skipped/>
  </testcase> <!-- pim -->
  <system-out/>
</testsuite> <!-- apr3.SecondTestNGClass -->
